12:37:00:188 [TestNG-tests-1] INFO  BaseTest - ------------ Starting testLogin -----------
12:39:54:375 [main] INFO  BaseTest - ------------ Starting testLogin -----------
12:40:55:958 [main] INFO  BaseTest - ------------ Starting testLogin -----------
12:43:15:027 [main] INFO  BaseTest - Initializing Webdriver...
12:43:20:103 [main] INFO  BaseTest - Webdriver initialized successfully..
12:43:21:381 [main] INFO  BaseTest - ------------ Starting testLogin -----------
12:43:21:501 [main] INFO  BaseTest - ---- Performing Login ----
12:43:22:589 [main] INFO  BaseTest - ----Validating Login ------
12:43:22:626 [main] INFO  BaseTest - ---- Login Successful ----
12:43:22:626 [main] INFO  BaseTest - ---- Validating sorting dropdown is visible ------
12:43:22:951 [main] INFO  BaseTest - ---- Sorting dropdown is visible ------
12:43:22:951 [main] INFO  BaseTest - ------------ Ending testLogin ------------
12:45:36:133 [main] INFO  BaseTest - ------------ Starting testLogin -----------
12:47:32:825 [main] INFO  BaseTest - Initializing Webdriver...
12:47:38:891 [main] INFO  BaseTest - Webdriver initialized successfully..
12:47:41:307 [main] INFO  BaseTest - ---------- Running testCartVerification -----------
12:47:41:326 [main] INFO  BaseTest - Performing login ...
12:47:42:417 [main] INFO  BaseTest - Login successful
12:47:42:418 [main] INFO  BaseTest - Adding products to cart
12:47:43:723 [main] INFO  BaseTest - Navigating to Your cart page
12:47:43:980 [main] INFO  BaseTest - Displaying all the products in the cart
12:47:44:191 [main] INFO  BaseTest - Assert check for actual products count and expected.
12:47:44:199 [main] INFO  BaseTest - The actual count matches the expected count.
12:47:44:199 [main] INFO  BaseTest - Assert check for expected products added in the cart.
12:47:44:199 [main] INFO  BaseTest - ---- All expected products are added in the cart ----
12:47:44:200 [main] INFO  BaseTest - --------- Closing testCartVerification ---------
12:47:45:003 [main] INFO  BaseTest - Initializing Webdriver...
12:47:46:832 [main] INFO  BaseTest - Webdriver initialized successfully..
12:47:49:748 [main] INFO  BaseTest - ------------ Starting testLogin -----------
12:47:49:750 [main] INFO  BaseTest - ---- Performing Login ----
12:47:50:789 [main] INFO  BaseTest - ----Validating Login ------
12:47:50:894 [main] INFO  BaseTest - ---- Login Successful ----
12:47:50:897 [main] INFO  BaseTest - ---- Validating sorting dropdown is visible ------
12:47:51:205 [main] INFO  BaseTest - ---- Sorting dropdown is visible ------
12:47:51:206 [main] INFO  BaseTest - ------------ Ending testLogin ------------
12:47:51:886 [main] INFO  BaseTest - Initializing Webdriver...
12:47:53:395 [main] INFO  BaseTest - Webdriver initialized successfully..
12:47:55:936 [main] INFO  BaseTest - ----- Starting testSortingAndAddingProductsToCart -----
12:47:55:937 [main] INFO  BaseTest - Performing Login
12:47:57:441 [main] INFO  BaseTest - Login successful
12:47:57:442 [main] INFO  BaseTest - Select ZtoA from Dropdown 
12:47:58:105 [main] INFO  BaseTest - Adding products to cart
12:47:59:484 [main] INFO  BaseTest - Validating all products are added to cart
12:47:59:484 [main] INFO  BaseTest - Validation Successful
12:47:59:485 [main] INFO  BaseTest - ----- Closing testSortingAndAddingProductsToCart -----
12:51:42:385 [main] INFO  BaseTest - ------------ Starting testLogin -----------
12:52:07:006 [main] INFO  BaseTest - Initializing Webdriver...
12:52:13:063 [main] INFO  BaseTest - Webdriver initialized successfully..
12:52:14:377 [main] INFO  BaseTest - ------------ Starting testLogin -----------
12:52:14:423 [main] INFO  BaseTest - ---- Performing Login ----
12:52:16:995 [main] INFO  BaseTest - ----Validating Login ------
12:52:17:109 [main] INFO  BaseTest - ---- Login Successful ----
12:52:17:110 [main] INFO  BaseTest - ---- Validating sorting dropdown is visible ------
12:52:17:218 [main] INFO  BaseTest - ---- Sorting dropdown is visible ------
12:52:17:218 [main] INFO  BaseTest - ------------ Ending testLogin ------------
12:52:20:339 [main] INFO  BaseTest - Initializing Webdriver...
12:52:23:562 [main] INFO  BaseTest - Webdriver initialized successfully..
12:52:25:536 [main] INFO  BaseTest - ----- Starting testSortingAndAddingProductsToCart -----
12:52:25:538 [main] INFO  BaseTest - Performing Login
12:52:26:674 [main] INFO  BaseTest - Login successful
12:52:26:674 [main] INFO  BaseTest - Select ZtoA from Dropdown 
12:52:27:482 [main] INFO  BaseTest - Adding products to cart
12:52:28:290 [main] INFO  BaseTest - Validating all products are added to cart
12:52:28:291 [main] INFO  BaseTest - Validation Successful
12:52:28:291 [main] INFO  BaseTest - ----- Closing testSortingAndAddingProductsToCart -----
12:52:29:302 [main] INFO  BaseTest - Initializing Webdriver...
12:52:31:505 [main] INFO  BaseTest - Webdriver initialized successfully..
12:52:32:605 [main] INFO  BaseTest - ---------- Running testCartVerification -----------
12:52:32:616 [main] INFO  BaseTest - Performing login ...
12:52:34:547 [main] INFO  BaseTest - Login successful
12:52:34:548 [main] INFO  BaseTest - Adding products to cart
12:52:35:364 [main] INFO  BaseTest - Navigating to Your cart page
12:52:35:680 [main] INFO  BaseTest - Displaying all the products in the cart
12:52:35:959 [main] INFO  BaseTest - Assert check for actual products count and expected.
12:52:35:960 [main] INFO  BaseTest - The actual count matches the expected count.
12:52:35:960 [main] INFO  BaseTest - Assert check for expected products added in the cart.
12:52:35:960 [main] INFO  BaseTest - ---- All expected products are added in the cart ----
12:52:35:960 [main] INFO  BaseTest - --------- Closing testCartVerification ---------
12:55:05:252 [main] INFO  BaseTest - ------------ Starting testLogin -----------
12:57:43:127 [main] INFO  BaseTest - ------------ Starting testLogin -----------
12:58:18:857 [main] INFO  BaseTest - ------------ Starting testLogin -----------
12:59:10:474 [main] INFO  BaseTest - Initializing Webdriver...
12:59:18:127 [main] INFO  BaseTest - Webdriver initialized successfully..
12:59:20:825 [main] INFO  BaseTest - ------------ Starting testLogin -----------
12:59:20:862 [main] INFO  BaseTest - ---- Performing Login ----
12:59:21:996 [main] INFO  BaseTest - ----Validating Login ------
12:59:22:034 [main] INFO  BaseTest - ---- Login Successful ----
12:59:22:036 [main] INFO  BaseTest - ---- Validating sorting dropdown is visible ------
12:59:22:260 [main] INFO  BaseTest - ---- Sorting dropdown is visible ------
12:59:22:261 [main] INFO  BaseTest - ------------ Ending testLogin ------------
12:59:22:277 [main] INFO  BaseTest - Tearing down WebDriver...
13:01:14:222 [main] INFO  BaseTest - ------------ Starting testLogin -----------
13:03:08:568 [main] INFO  BaseTest - Initializing Webdriver...
09:45:08:017 [main] INFO  jobserveTest.BaseTest - Initializing Webdriver...
09:45:16:468 [main] INFO  jobserveTest.BaseTest - Webdriver initialized successfully..
09:45:22:631 [main] INFO  jobserveTest.BaseTest - Tearing down WebDriver...
09:47:58:246 [main] INFO  jobserveTest.BaseTest - Initializing Webdriver...
09:48:02:874 [main] INFO  jobserveTest.BaseTest - Webdriver initialized successfully..
09:48:07:390 [main] INFO  jobserveTest.BaseTest - Tearing down WebDriver...
09:49:02:829 [main] INFO  jobserveTest.BaseTest - Initializing Webdriver...
09:49:06:827 [main] INFO  jobserveTest.BaseTest - Webdriver initialized successfully..
09:49:18:206 [main] INFO  jobserveTest.BaseTest - Tearing down WebDriver...
09:54:19:083 [main] INFO  jobserveTest.BaseTest - Initializing Webdriver...
09:54:24:095 [main] INFO  jobserveTest.BaseTest - Webdriver initialized successfully..
09:54:39:045 [main] INFO  jobserveTest.BaseTest - Tearing down WebDriver...
09:55:36:039 [main] INFO  jobserveTest.BaseTest - Initializing Webdriver...
09:55:40:622 [main] INFO  jobserveTest.BaseTest - Webdriver initialized successfully..
09:55:51:759 [main] INFO  jobserveTest.BaseTest - Tearing down WebDriver...
10:05:19:408 [main] INFO  jobserveTest.BaseTest - Initializing Webdriver...
10:05:25:124 [main] INFO  jobserveTest.BaseTest - Webdriver initialized successfully..
10:05:37:216 [main] INFO  jobserveTest.BaseTest - Tearing down WebDriver...
10:05:57:816 [main] INFO  jobserveTest.BaseTest - Initializing Webdriver...
10:06:01:179 [main] INFO  jobserveTest.BaseTest - Webdriver initialized successfully..
10:06:11:846 [main] INFO  jobserveTest.BaseTest - Tearing down WebDriver...
10:21:24:345 [main] INFO  jobserveTest.BaseTest - Initializing Webdriver...
10:21:30:738 [main] INFO  jobserveTest.BaseTest - Webdriver initialized successfully..
10:21:46:314 [main] INFO  jobserveTest.BaseTest - Tearing down WebDriver...
10:22:22:024 [main] INFO  jobserveTest.BaseTest - Initializing Webdriver...
10:22:25:645 [main] INFO  jobserveTest.BaseTest - Webdriver initialized successfully..
10:22:30:944 [main] INFO  jobserveTest.BaseTest - Tearing down WebDriver...
10:35:15:278 [main] INFO  jobserveTest.BaseTest - Initializing Webdriver...
10:35:20:959 [main] INFO  jobserveTest.BaseTest - Webdriver initialized successfully..
10:35:26:219 [main] INFO  jobserveTest.BaseTest - Tearing down WebDriver...
10:40:22:824 [main] INFO  jobserveTest.BaseTest - Initializing Webdriver...
10:40:26:602 [main] INFO  jobserveTest.BaseTest - Webdriver initialized successfully..
10:40:31:370 [main] INFO  jobserveTest.BaseTest - Tearing down WebDriver...
10:46:35:136 [main] INFO  jobserveTest.BaseTest - Initializing Webdriver...
10:46:38:861 [main] INFO  jobserveTest.BaseTest - Webdriver initialized successfully..
10:46:44:075 [main] INFO  jobserveTest.BaseTest - Tearing down WebDriver...
10:51:24:582 [main] INFO  jobserveTest.BaseTest - Initializing Webdriver...
10:51:28:451 [main] INFO  jobserveTest.BaseTest - Webdriver initialized successfully..
10:51:34:638 [main] INFO  jobserveTest.BaseTest - Tearing down WebDriver...
10:52:37:749 [main] INFO  jobserveTest.BaseTest - Initializing Webdriver...
10:52:41:507 [main] INFO  jobserveTest.BaseTest - Webdriver initialized successfully..
10:52:46:558 [main] INFO  jobserveTest.BaseTest - Tearing down WebDriver...
10:53:41:473 [main] INFO  jobserveTest.BaseTest - Initializing Webdriver...
10:53:44:969 [main] INFO  jobserveTest.BaseTest - Webdriver initialized successfully..
10:53:50:585 [main] INFO  jobserveTest.BaseTest - Tearing down WebDriver...
11:12:46:330 [main] INFO  magicbricksTest.BaseTest - Initializing Webdriver...
11:12:52:729 [main] INFO  magicbricksTest.BaseTest - Webdriver initialized successfully..
11:13:03:427 [main] INFO  magicbricksTest.BaseTest - Tearing down WebDriver...
11:13:49:968 [main] INFO  magicbricksTest.BaseTest - Initializing Webdriver...
11:13:54:210 [main] INFO  magicbricksTest.BaseTest - Webdriver initialized successfully..
11:14:08:245 [main] INFO  magicbricksTest.BaseTest - Tearing down WebDriver...
11:17:24:158 [main] INFO  magicbricksTest.BaseTest - Initializing Webdriver...
11:17:30:144 [main] INFO  magicbricksTest.BaseTest - Webdriver initialized successfully..
11:17:54:459 [main] INFO  magicbricksTest.BaseTest - Tearing down WebDriver...
11:23:50:030 [main] INFO  magicbricksTest.BaseTest - Initializing Webdriver...
11:23:55:413 [main] INFO  magicbricksTest.BaseTest - Webdriver initialized successfully..
11:24:23:576 [main] INFO  magicbricksTest.BaseTest - Tearing down WebDriver...
11:46:41:272 [main] INFO  magicbricksTest.BaseTest - Initializing Webdriver...
11:46:47:934 [main] INFO  magicbricksTest.BaseTest - Webdriver initialized successfully..
11:47:16:265 [main] INFO  magicbricksTest.BaseTest - Tearing down WebDriver...
11:58:52:231 [main] INFO  magicbricksTest.BaseTest - Initializing Webdriver...
11:58:57:949 [main] INFO  magicbricksTest.BaseTest - Webdriver initialized successfully..
11:59:26:241 [main] INFO  magicbricksTest.BaseTest - Tearing down WebDriver...
12:01:06:391 [main] INFO  magicbricksTest.BaseTest - Initializing Webdriver...
12:01:10:745 [main] INFO  magicbricksTest.BaseTest - Webdriver initialized successfully..
12:01:39:084 [main] INFO  magicbricksTest.BaseTest - Tearing down WebDriver...
12:10:54:783 [main] INFO  jobserveTest.BaseTest - Initializing Webdriver...
12:10:59:099 [main] INFO  jobserveTest.BaseTest - Webdriver initialized successfully..
12:11:03:652 [main] INFO  jobserveTest.BaseTest - Tearing down WebDriver...
12:22:56:671 [main] INFO  jobserveTest.BaseTest - Initializing Webdriver...
12:23:01:893 [main] INFO  jobserveTest.BaseTest - Webdriver initialized successfully..
12:23:06:403 [main] INFO  jobserveTest.BaseTest - Starting testJobserve
12:23:06:417 [main] INFO  jobserveTest.BaseTest - Clicking on 'Industries' dropdown
12:23:06:607 [main] INFO  jobserveTest.BaseTest - Uncheking 'Select All' checkbox
12:23:06:798 [main] INFO  jobserveTest.BaseTest - Checking 'Education' checkbox
12:23:07:029 [main] INFO  jobserveTest.BaseTest - Closing testJobserve
12:23:07:044 [main] INFO  jobserveTest.BaseTest - Tearing down WebDriver...
12:47:21:864 [main] INFO  cricinfoTest.BaseTest - Initializing Webdriver...
12:47:27:454 [main] INFO  cricinfoTest.BaseTest - Webdriver initialized successfully..
12:47:35:425 [main] INFO  cricinfoTest.BaseTest - Tearing down WebDriver...
12:52:26:773 [main] INFO  cricinfoTest.BaseTest - Initializing Webdriver...
12:52:34:748 [main] INFO  cricinfoTest.BaseTest - Webdriver initialized successfully..
12:52:45:234 [main] INFO  cricinfoTest.BaseTest - Tearing down WebDriver...
09:54:41:936 [main] INFO  cricinfoTest.BaseTest - Initializing Webdriver...
09:54:48:564 [main] INFO  cricinfoTest.BaseTest - Webdriver initialized successfully..
09:55:16:494 [main] INFO  cricinfoTest.BaseTest - Tearing down WebDriver...
10:00:16:724 [main] INFO  cricinfoTest.BaseTest - Initializing Webdriver...
10:00:20:521 [main] INFO  cricinfoTest.BaseTest - Webdriver initialized successfully..
10:00:42:766 [main] INFO  cricinfoTest.BaseTest - Tearing down WebDriver...
10:19:17:603 [main] INFO  cricinfoTest.BaseTest - Initializing Webdriver...
10:19:21:857 [main] INFO  cricinfoTest.BaseTest - Webdriver initialized successfully..
10:19:41:587 [main] INFO  cricinfoTest.BaseTest - Tearing down WebDriver...
10:21:55:662 [main] INFO  cricinfoTest.BaseTest - Initializing Webdriver...
10:21:59:002 [main] INFO  cricinfoTest.BaseTest - Webdriver initialized successfully..
10:22:26:990 [main] INFO  cricinfoTest.BaseTest - Tearing down WebDriver...
10:23:52:823 [main] INFO  cricinfoTest.BaseTest - Initializing Webdriver...
10:23:57:153 [main] INFO  cricinfoTest.BaseTest - Webdriver initialized successfully..
10:24:25:337 [main] INFO  cricinfoTest.BaseTest - Tearing down WebDriver...
10:25:57:658 [main] INFO  cricinfoTest.BaseTest - Initializing Webdriver...
10:26:01:180 [main] INFO  cricinfoTest.BaseTest - Webdriver initialized successfully..
10:26:22:777 [main] INFO  cricinfoTest.BaseTest - Tearing down WebDriver...
10:29:32:287 [main] INFO  cricinfoTest.BaseTest - Initializing Webdriver...
10:29:35:958 [main] INFO  cricinfoTest.BaseTest - Webdriver initialized successfully..
10:29:57:313 [main] INFO  cricinfoTest.BaseTest - Tearing down WebDriver...
10:35:18:644 [main] INFO  cricinfoTest.BaseTest - Initializing Webdriver...
10:35:22:384 [main] INFO  cricinfoTest.BaseTest - Webdriver initialized successfully..
10:35:43:655 [main] INFO  cricinfoTest.BaseTest - Tearing down WebDriver...
10:39:40:426 [main] INFO  cricinfoTest.BaseTest - Initializing Webdriver...
10:39:43:142 [main] INFO  cricinfoTest.BaseTest - Webdriver initialized successfully..
10:40:09:076 [main] INFO  cricinfoTest.BaseTest - Tearing down WebDriver...
10:41:41:527 [main] INFO  cricinfoTest.BaseTest - Initializing Webdriver...
10:41:44:791 [main] INFO  cricinfoTest.BaseTest - Webdriver initialized successfully..
10:42:05:179 [main] INFO  cricinfoTest.BaseTest - Tearing down WebDriver...
10:43:36:401 [main] INFO  cricinfoTest.BaseTest - Initializing Webdriver...
10:43:40:696 [main] INFO  cricinfoTest.BaseTest - Webdriver initialized successfully..
10:44:07:231 [main] INFO  cricinfoTest.BaseTest - Tearing down WebDriver...
10:44:45:180 [main] INFO  cricinfoTest.BaseTest - Initializing Webdriver...
10:44:48:622 [main] INFO  cricinfoTest.BaseTest - Webdriver initialized successfully..
10:45:19:273 [main] INFO  cricinfoTest.BaseTest - Tearing down WebDriver...
10:47:33:151 [main] INFO  cricinfoTest.BaseTest - Initializing Webdriver...
10:47:36:470 [main] INFO  cricinfoTest.BaseTest - Webdriver initialized successfully..
10:47:43:870 [main] INFO  cricinfoTest.BaseTest - ---- Starting testCricInfo ----
10:47:43:902 [main] INFO  cricinfoTest.BaseTest - ---- Reading Scorecard ----
10:47:58:649 [main] INFO  cricinfoTest.BaseTest - ---- Finished testCricInfo ----
10:47:58:657 [main] INFO  cricinfoTest.BaseTest - Tearing down WebDriver...
